<?xml version="1.0" encoding="UTF-8"?>
<testsuite xmlns:xsi="http://www.w3.org/2001/XMLSchema-instance" xsi:noNamespaceSchemaLocation="https://maven.apache.org/surefire/maven-surefire-plugin/xsd/surefire-test-report-3.0.xsd" version="3.0" name="HTTest" time="0.421" tests="12" errors="0" skipped="0" failures="1">
  <properties>
[...]
</properties>
  <testcase name="testContains_MissingKey" classname="HTTest" time="0.141"/>
  <testcase name="testAdd_DuplicateKeyIncrementsCount" classname="HTTest" time="0.02"/>
  <testcase name="testContains_ExistingKey" classname="HTTest" time="0.016"/>
  <testcase name="testAdd_NullKeyThrowsException" classname="HTTest" time="0.006"/>
  <testcase name="testAdd_HashCollisionDifferentKeys" classname="HTTest" time="0.035">
    <failure message="expected: &lt;2&gt; but was: &lt;4&gt;" type="org.opentest4j.AssertionFailedError"><![CDATA[org.opentest4j.AssertionFailedError: expected: <2> but was: <4>
	at org.junit.jupiter.api.AssertionFailureBuilder.build(AssertionFailureBuilder.java:151)
	at org.junit.jupiter.api.AssertionFailureBuilder.buildAndThrow(AssertionFailureBuilder.java:132)
	at org.junit.jupiter.api.AssertEquals.failNotEqual(AssertEquals.java:197)
	at org.junit.jupiter.api.AssertEquals.assertEquals(AssertEquals.java:150)
	at org.junit.jupiter.api.AssertEquals.assertEquals(AssertEquals.java:145)
	at org.junit.jupiter.api.Assertions.assertEquals(Assertions.java:531)
	at HTTest.testAdd_HashCollisionDifferentKeys(HTTest.java:57)
	at java.base/java.lang.reflect.Method.invoke(Method.java:580)
	at java.base/java.util.ArrayList.forEach(ArrayList.java:1597)
	at java.base/java.util.ArrayList.forEach(ArrayList.java:1597)
]]></failure>
  </testcase>
  <testcase name="testGetNode_HashCollision" classname="HTTest" time="0.012"/>
  <testcase name="testContains_NonString" classname="HTTest" time="0.0"/>
  <testcase name="runAllTestsSuiteMarker" classname="HTTest" time="0.006"/>
  <testcase name="testAdd_NewKey" classname="HTTest" time="0.005"/>
  <testcase name="testGetNode_ExistingKey" classname="HTTest" time="0.005"/>
  <testcase name="testGetNode_AbsentKey" classname="HTTest" time="0.011"/>
  <testcase name="testGetNode_NullKeyThrowsException" classname="HTTest" time="0.003"/>
</testsuite>